2023-12-27 09:26:00,757 [INFO] Activator:176 - 


2023-12-27 09:26:00,762 [INFO] Activator:177 - !SESSION log4j initialized
2023-12-27 09:26:03,503 [INFO] LogOutputStream:77 - [STDOUT_REDIRECT] 
2023-12-27 09:26:25,365 [ERROR] LogOutputStream:75 - [STDERR_REDIRECT] SLF4J: Failed to load class "org.slf4j.impl.StaticLoggerBinder".
2023-12-27 09:26:25,367 [ERROR] LogOutputStream:75 - [STDERR_REDIRECT] SLF4J: Defaulting to no-operation (NOP) logger implementation
2023-12-27 09:26:25,370 [ERROR] LogOutputStream:75 - [STDERR_REDIRECT] SLF4J: See http://www.slf4j.org/codes.html#StaticLoggerBinder for further details.
2023-12-27 09:30:44,358 [INFO] Activator:176 - 


2023-12-27 09:30:44,360 [INFO] Activator:177 - !SESSION log4j initialized
2023-12-27 09:30:48,440 [INFO] LogOutputStream:77 - [STDOUT_REDIRECT] 
2023-12-27 09:32:27,948 [INFO] Activator:176 - 


2023-12-27 09:32:27,950 [INFO] Activator:177 - !SESSION log4j initialized
2023-12-27 09:32:32,418 [INFO] LogOutputStream:77 - [STDOUT_REDIRECT] 
2023-12-27 09:32:59,848 [ERROR] LogOutputStream:75 - [STDERR_REDIRECT] SLF4J: Failed to load class "org.slf4j.impl.StaticLoggerBinder".
2023-12-27 09:32:59,848 [ERROR] LogOutputStream:75 - [STDERR_REDIRECT] SLF4J: Defaulting to no-operation (NOP) logger implementation
2023-12-27 09:32:59,850 [ERROR] LogOutputStream:75 - [STDERR_REDIRECT] SLF4J: See http://www.slf4j.org/codes.html#StaticLoggerBinder for further details.
2023-12-27 09:42:32,252 [INFO] Activator:176 - 


2023-12-27 09:42:32,254 [INFO] Activator:177 - !SESSION log4j initialized
2023-12-27 09:42:38,022 [INFO] LogOutputStream:77 - [STDOUT_REDIRECT] 
2023-12-27 09:42:59,896 [ERROR] LogOutputStream:75 - [STDERR_REDIRECT] SLF4J: Failed to load class "org.slf4j.impl.StaticLoggerBinder".
2023-12-27 09:42:59,898 [ERROR] LogOutputStream:75 - [STDERR_REDIRECT] SLF4J: Defaulting to no-operation (NOP) logger implementation
2023-12-27 09:42:59,901 [ERROR] LogOutputStream:75 - [STDERR_REDIRECT] SLF4J: See http://www.slf4j.org/codes.html#StaticLoggerBinder for further details.
2023-12-27 09:48:38,982 [INFO] Activator:176 - 


2023-12-27 09:48:38,984 [INFO] Activator:177 - !SESSION log4j initialized
2023-12-27 09:48:44,520 [INFO] LogOutputStream:77 - [STDOUT_REDIRECT] 
2023-12-27 09:49:06,765 [ERROR] LogOutputStream:75 - [STDERR_REDIRECT] SLF4J: Failed to load class "org.slf4j.impl.StaticLoggerBinder".
2023-12-27 09:49:06,766 [ERROR] LogOutputStream:75 - [STDERR_REDIRECT] SLF4J: Defaulting to no-operation (NOP) logger implementation
2023-12-27 09:49:06,768 [ERROR] LogOutputStream:75 - [STDERR_REDIRECT] SLF4J: See http://www.slf4j.org/codes.html#StaticLoggerBinder for further details.
2023-12-27 10:22:51,736 [INFO] Activator:176 - 


2023-12-27 10:22:51,739 [INFO] Activator:177 - !SESSION log4j initialized
2023-12-27 10:22:56,988 [INFO] LogOutputStream:77 - [STDOUT_REDIRECT] 
